{"timestamp":"2023-02-02 12:07:25","level":"info","message":"Server is running on PORT: 8015","label":"index.js","metadata":{}}
{"timestamp":"2023-02-02 12:08:53","level":"info","message":"Server is running on PORT: 8015","label":"index.js","metadata":{}}
{"timestamp":"2023-02-02 12:09:56","level":"error","message":{"url":"/api/upload-master-leads","method":"POST","request":{},"error":{}},"label":"index.js","metadata":{}}
{"timestamp":"2023-02-02 12:24:42","level":"info","message":"Server is running on PORT: 8015","label":"index.js","metadata":{}}
{"timestamp":"2023-02-02 12:25:35","level":"info","message":"Server is running on PORT: 8015","label":"index.js","metadata":{}}
{"timestamp":"2023-02-02 12:25:43","level":"error","message":{"url":"/api/upload-master-leads","method":"POST","request":{},"error":{}},"label":"index.js","metadata":{}}
{"timestamp":"2023-02-02 12:27:43","level":"info","message":"Server is running on PORT: 8015","label":"index.js","metadata":{}}
{"timestamp":"2023-02-02 12:27:45","level":"error","message":{"url":"/api/upload-master-leads","method":"POST","request":{},"error":{}},"label":"index.js","metadata":{}}
{"timestamp":"2023-02-02 12:28:37","level":"info","message":"Server is running on PORT: 8015","label":"index.js","metadata":{}}
{"timestamp":"2023-02-02 12:28:43","level":"error","message":{"url":"/api/upload-master-leads","method":"POST","request":{},"error":{}},"label":"index.js","metadata":{}}
{"timestamp":"2023-02-02 12:29:55","level":"info","message":"Server is running on PORT: 8015","label":"index.js","metadata":{}}
{"timestamp":"2023-02-02 12:29:58","level":"error","message":{"url":"/api/upload-master-leads","method":"POST","request":{},"error":{}},"label":"index.js","metadata":{}}
{"timestamp":"2023-02-02 12:31:02","level":"info","message":"Server is running on PORT: 8015","label":"index.js","metadata":{}}
{"timestamp":"2023-02-02 12:31:05","level":"error","message":{"url":"/api/upload-master-leads","method":"POST","request":{},"error":{}},"label":"index.js","metadata":{}}
{"timestamp":"2023-02-02 12:32:02","level":"info","message":"Server is running on PORT: 8015","label":"index.js","metadata":{}}
{"timestamp":"2023-02-02 12:32:04","level":"error","message":{"url":"/api/upload-master-leads","method":"POST","request":{},"error":{}},"label":"index.js","metadata":{}}
{"timestamp":"2023-02-02 12:32:41","level":"info","message":"Server is running on PORT: 8015","label":"index.js","metadata":{}}
{"timestamp":"2023-02-02 12:32:58","level":"info","message":"Server is running on PORT: 8015","label":"index.js","metadata":{}}
{"timestamp":"2023-02-02 12:33:12","level":"info","message":"Server is running on PORT: 8015","label":"index.js","metadata":{}}
{"timestamp":"2023-02-02 12:34:17","level":"info","message":"Server is running on PORT: 8015","label":"index.js","metadata":{}}
{"timestamp":"2023-02-02 12:34:21","level":"error","message":{"url":"/api/upload-master-leads","method":"POST","request":{},"error":{}},"label":"index.js","metadata":{}}
{"timestamp":"2023-02-02 12:34:40","level":"info","message":"Server is running on PORT: 8015","label":"index.js","metadata":{}}
{"timestamp":"2023-02-02 12:34:42","level":"error","message":{"url":"/api/upload-master-leads","method":"POST","request":{},"error":{}},"label":"index.js","metadata":{}}
{"timestamp":"2023-02-02 12:35:59","level":"info","message":"Server is running on PORT: 8015","label":"index.js","metadata":{}}
{"timestamp":"2023-02-02 12:36:06","level":"error","message":{"url":"/api/upload-master-leads","method":"POST","request":{},"error":{}},"label":"index.js","metadata":{}}
{"timestamp":"2023-02-02 12:37:35","level":"info","message":"Server is running on PORT: 8015","label":"index.js","metadata":{}}
{"timestamp":"2023-02-02 12:37:42","level":"error","message":{"url":"/api/upload-master-leads","method":"POST","request":{},"error":{}},"label":"index.js","metadata":{}}
{"timestamp":"2023-02-02 12:41:28","level":"info","message":"Server is running on PORT: 8015","label":"index.js","metadata":{}}
{"timestamp":"2023-02-02 12:41:30","level":"error","message":{"url":"/api/upload-master-leads","method":"POST","request":{},"error":{}},"label":"index.js","metadata":{}}
{"timestamp":"2023-02-02 12:41:45","level":"info","message":"Server is running on PORT: 8015","label":"index.js","metadata":{}}
{"timestamp":"2023-02-02 12:41:53","level":"error","message":{"url":"/api/upload-master-leads","method":"POST","request":{},"error":{}},"label":"index.js","metadata":{}}
{"timestamp":"2023-02-02 12:42:48","level":"info","message":"Server is running on PORT: 8015","label":"index.js","metadata":{}}
{"timestamp":"2023-02-02 12:42:50","level":"error","message":{"url":"/api/upload-master-leads","method":"POST","request":{},"error":{}},"label":"index.js","metadata":{}}
{"timestamp":"2023-02-02 12:43:02","level":"info","message":"Server is running on PORT: 8015","label":"index.js","metadata":{}}
{"timestamp":"2023-02-02 12:43:03","level":"error","message":{"url":"/api/upload-master-leads","method":"POST","request":{},"error":{}},"label":"index.js","metadata":{}}
{"timestamp":"2023-02-02 12:49:13","level":"info","message":"Server is running on PORT: 8015","label":"index.js","metadata":{}}
{"timestamp":"2023-02-02 12:49:19","level":"error","message":{"url":"/api/upload-master-leads","method":"POST","request":{},"error":{}},"label":"index.js","metadata":{}}
{"timestamp":"2023-02-02 12:50:04","level":"info","message":"Server is running on PORT: 8015","label":"index.js","metadata":{}}
{"timestamp":"2023-02-02 12:50:06","level":"error","message":{"url":"/api/upload-master-leads","method":"POST","request":{},"error":{}},"label":"index.js","metadata":{}}
{"timestamp":"2023-02-02 12:56:06","level":"info","message":"Server is running on PORT: 8015","label":"index.js","metadata":{}}
{"timestamp":"2023-02-02 12:56:08","level":"error","message":{"url":"/api/upload-master-leads","method":"POST","request":{},"error":{}},"label":"index.js","metadata":{}}
{"timestamp":"2023-02-02 12:56:48","level":"info","message":"Server is running on PORT: 8015","label":"index.js","metadata":{}}
{"timestamp":"2023-02-02 12:56:51","level":"error","message":{"url":"/api/upload-master-leads","method":"POST","request":{},"error":{}},"label":"index.js","metadata":{}}
{"timestamp":"2023-02-02 12:57:36","level":"info","message":"Server is running on PORT: 8015","label":"index.js","metadata":{}}
{"timestamp":"2023-02-02 12:57:48","level":"error","message":{"url":"/api/upload-master-leads","method":"POST","request":{},"error":{}},"label":"index.js","metadata":{}}
{"timestamp":"2023-02-02 12:58:00","level":"info","message":"Server is running on PORT: 8015","label":"index.js","metadata":{}}
{"timestamp":"2023-02-02 12:58:02","level":"error","message":{"url":"/api/upload-master-leads","method":"POST","request":{},"error":{}},"label":"index.js","metadata":{}}
{"timestamp":"2023-02-02 12:58:19","level":"info","message":"Server is running on PORT: 8015","label":"index.js","metadata":{}}
{"timestamp":"2023-02-02 12:58:21","level":"error","message":{"url":"/api/upload-master-leads","method":"POST","request":{},"error":{}},"label":"index.js","metadata":{}}
{"timestamp":"2023-02-02 12:58:30","level":"info","message":"Server is running on PORT: 8015","label":"index.js","metadata":{}}
{"timestamp":"2023-02-02 12:58:33","level":"error","message":{"url":"/api/upload-master-leads","method":"POST","request":{},"error":{}},"label":"index.js","metadata":{}}
{"timestamp":"2023-02-02 12:58:54","level":"info","message":"Server is running on PORT: 8015","label":"index.js","metadata":{}}
{"timestamp":"2023-02-02 12:58:55","level":"error","message":{"url":"/api/upload-master-leads","method":"POST","request":{},"error":{}},"label":"index.js","metadata":{}}
{"timestamp":"2023-02-02 12:59:26","level":"info","message":"Server is running on PORT: 8015","label":"index.js","metadata":{}}
{"timestamp":"2023-02-02 12:59:33","level":"error","message":{"url":"/api/upload-master-leads","method":"POST","request":{},"error":{}},"label":"index.js","metadata":{}}
{"timestamp":"2023-02-02 13:00:13","level":"info","message":"Server is running on PORT: 8015","label":"index.js","metadata":{}}
{"timestamp":"2023-02-02 13:00:19","level":"error","message":{"url":"/api/upload-master-leads","method":"POST","request":{},"error":{}},"label":"index.js","metadata":{}}
{"timestamp":"2023-02-02 13:01:23","level":"info","message":"Server is running on PORT: 8015","label":"index.js","metadata":{}}
{"timestamp":"2023-02-02 13:01:25","level":"error","message":{"url":"/api/upload-master-leads","method":"POST","request":{},"error":{}},"label":"index.js","metadata":{}}
{"timestamp":"2023-02-02 13:02:37","level":"info","message":"Server is running on PORT: 8015","label":"index.js","metadata":{}}
{"timestamp":"2023-02-02 13:02:38","level":"error","message":{"url":"/api/upload-master-leads","method":"POST","request":{},"error":{}},"label":"index.js","metadata":{}}
{"timestamp":"2023-02-02 13:02:58","level":"info","message":"Server is running on PORT: 8015","label":"index.js","metadata":{}}
{"timestamp":"2023-02-02 13:02:59","level":"error","message":{"url":"/api/upload-master-leads","method":"POST","request":{},"error":{}},"label":"index.js","metadata":{}}
{"timestamp":"2023-02-02 13:03:10","level":"info","message":"Server is running on PORT: 8015","label":"index.js","metadata":{}}
{"timestamp":"2023-02-02 13:03:14","level":"error","message":{"url":"/api/upload-master-leads","method":"POST","request":{},"error":{}},"label":"index.js","metadata":{}}
{"timestamp":"2023-02-02 13:04:23","level":"info","message":"Server is running on PORT: 8015","label":"index.js","metadata":{}}
{"timestamp":"2023-02-02 13:04:24","level":"error","message":{"url":"/api/upload-master-leads","method":"POST","request":{},"error":{}},"label":"index.js","metadata":{}}
{"timestamp":"2023-02-02 13:04:42","level":"info","message":"Server is running on PORT: 8015","label":"index.js","metadata":{}}
{"timestamp":"2023-02-02 13:04:44","level":"error","message":{"url":"/api/upload-master-leads","method":"POST","request":{},"error":{}},"label":"index.js","metadata":{}}
{"timestamp":"2023-02-02 13:04:55","level":"info","message":"Server is running on PORT: 8015","label":"index.js","metadata":{}}
{"timestamp":"2023-02-02 13:04:56","level":"error","message":{"url":"/api/upload-master-leads","method":"POST","request":{},"error":{}},"label":"index.js","metadata":{}}
{"timestamp":"2023-02-02 13:05:23","level":"info","message":"Server is running on PORT: 8015","label":"index.js","metadata":{}}
{"timestamp":"2023-02-02 13:05:25","level":"error","message":{"url":"/api/upload-master-leads","method":"POST","request":{},"error":{}},"label":"index.js","metadata":{}}
{"timestamp":"2023-02-02 13:05:43","level":"info","message":"Server is running on PORT: 8015","label":"index.js","metadata":{}}
{"timestamp":"2023-02-02 13:05:44","level":"error","message":{"url":"/api/upload-master-leads","method":"POST","request":{},"error":{}},"label":"index.js","metadata":{}}
{"timestamp":"2023-02-02 13:05:55","level":"info","message":"Server is running on PORT: 8015","label":"index.js","metadata":{}}
{"timestamp":"2023-02-02 13:06:02","level":"error","message":{"url":"/api/upload-master-leads","method":"POST","request":{},"error":{}},"label":"index.js","metadata":{}}
{"timestamp":"2023-02-02 13:07:52","level":"info","message":"Server is running on PORT: 8015","label":"index.js","metadata":{}}
{"timestamp":"2023-02-02 13:07:53","level":"error","message":{"url":"/api/upload-master-leads","method":"POST","request":{},"error":{}},"label":"index.js","metadata":{}}
{"timestamp":"2023-02-02 13:08:40","level":"info","message":"Server is running on PORT: 8015","label":"index.js","metadata":{}}
{"timestamp":"2023-02-02 13:08:42","level":"error","message":{"url":"/api/upload-master-leads","method":"POST","request":{},"error":{}},"label":"index.js","metadata":{}}
{"timestamp":"2023-02-02 13:09:56","level":"info","message":"Server is running on PORT: 8015","label":"index.js","metadata":{}}
{"timestamp":"2023-02-02 13:09:58","level":"error","message":{"url":"/api/upload-master-leads","method":"POST","request":{},"error":{}},"label":"index.js","metadata":{}}
{"timestamp":"2023-02-02 13:10:16","level":"info","message":"Server is running on PORT: 8015","label":"index.js","metadata":{}}
{"timestamp":"2023-02-02 13:10:17","level":"error","message":{"url":"/api/upload-master-leads","method":"POST","request":{},"error":{}},"label":"index.js","metadata":{}}
{"timestamp":"2023-02-02 13:11:57","level":"info","message":"Server is running on PORT: 8015","label":"index.js","metadata":{}}
{"timestamp":"2023-02-02 13:12:06","level":"info","message":"Server is running on PORT: 8015","label":"index.js","metadata":{}}
{"timestamp":"2023-02-02 13:12:10","level":"error","message":{"url":"/api/upload-master-leads","method":"POST","request":{},"error":{}},"label":"index.js","metadata":{}}
{"timestamp":"2023-02-02 13:15:41","level":"info","message":"Server is running on PORT: 8015","label":"index.js","metadata":{}}
{"timestamp":"2023-02-02 13:15:42","level":"error","message":{"url":"/api/upload-master-leads","method":"POST","request":{},"error":{}},"label":"index.js","metadata":{}}
{"timestamp":"2023-02-02 13:16:09","level":"info","message":"Server is running on PORT: 8015","label":"index.js","metadata":{}}
{"timestamp":"2023-02-02 13:16:15","level":"error","message":{"url":"/api/upload-master-leads","method":"POST","request":{},"error":{}},"label":"index.js","metadata":{}}
{"timestamp":"2023-02-02 13:16:49","level":"info","message":"Server is running on PORT: 8015","label":"index.js","metadata":{}}
{"timestamp":"2023-02-02 13:16:51","level":"error","message":{"url":"/api/upload-master-leads","method":"POST","request":{},"error":{}},"label":"index.js","metadata":{}}
{"timestamp":"2023-02-02 13:18:49","level":"info","message":"Server is running on PORT: 8015","label":"index.js","metadata":{}}
{"timestamp":"2023-02-02 13:18:50","level":"error","message":{"url":"/api/upload-master-leads","method":"POST","request":{},"error":{}},"label":"index.js","metadata":{}}
{"timestamp":"2023-02-02 13:21:11","level":"info","message":"Server is running on PORT: 8015","label":"index.js","metadata":{}}
{"timestamp":"2023-02-02 13:21:53","level":"info","message":"Server is running on PORT: 8015","label":"index.js","metadata":{}}
{"timestamp":"2023-02-02 13:21:54","level":"error","message":{"url":"/api/upload-master-leads","method":"POST","request":{},"error":{}},"label":"index.js","metadata":{}}
{"timestamp":"2023-02-02 13:37:29","level":"info","message":"Server is running on PORT: 8015","label":"index.js","metadata":{}}
{"timestamp":"2023-02-02 13:38:59","level":"info","message":"Server is running on PORT: 8015","label":"index.js","metadata":{}}
{"timestamp":"2023-02-02 13:39:02","level":"error","message":{"url":"/api/upload-master-leads","method":"POST","request":{},"error":{}},"label":"index.js","metadata":{}}
{"timestamp":"2023-02-02 13:40:59","level":"info","message":"Server is running on PORT: 8015","label":"index.js","metadata":{}}
{"timestamp":"2023-02-02 13:40:59","level":"error","message":{"url":"/api/upload-master-leads","method":"POST","request":{},"error":{}},"label":"index.js","metadata":{}}
{"timestamp":"2023-02-02 13:41:47","level":"info","message":"Server is running on PORT: 8015","label":"index.js","metadata":{}}
{"timestamp":"2023-02-02 13:41:48","level":"error","message":{"url":"/api/upload-master-leads","method":"POST","request":{},"error":{}},"label":"index.js","metadata":{}}
{"timestamp":"2023-02-02 13:43:49","level":"info","message":"Server is running on PORT: 8015","label":"index.js","metadata":{}}
{"timestamp":"2023-02-02 13:43:50","level":"error","message":{"url":"/api/upload-master-leads","method":"POST","request":{},"error":{}},"label":"index.js","metadata":{}}
{"timestamp":"2023-02-02 13:47:53","level":"info","message":"Server is running on PORT: 8015","label":"index.js","metadata":{}}
{"timestamp":"2023-02-02 13:47:58","level":"error","message":{"url":"/api/upload-master-leads","method":"POST","request":{},"error":{}},"label":"index.js","metadata":{}}
{"timestamp":"2023-02-02 13:53:31","level":"info","message":"Server is running on PORT: 8015","label":"index.js","metadata":{}}
{"timestamp":"2023-02-02 13:53:35","level":"error","message":{"url":"/api/upload-master-leads","method":"POST","request":{},"error":{}},"label":"index.js","metadata":{}}
{"timestamp":"2023-02-02 13:54:04","level":"info","message":"Server is running on PORT: 8015","label":"index.js","metadata":{}}
{"timestamp":"2023-02-02 13:54:07","level":"error","message":{"url":"/api/upload-master-leads","method":"POST","request":{},"error":{}},"label":"index.js","metadata":{}}
{"timestamp":"2023-02-02 13:54:42","level":"info","message":"Server is running on PORT: 8015","label":"index.js","metadata":{}}
{"timestamp":"2023-02-02 13:54:44","level":"error","message":{"url":"/api/upload-master-leads","method":"POST","request":{},"error":{}},"label":"index.js","metadata":{}}
{"timestamp":"2023-02-02 13:55:50","level":"info","message":"Server is running on PORT: 8015","label":"index.js","metadata":{}}
{"timestamp":"2023-02-02 13:55:52","level":"error","message":{"url":"/api/upload-master-leads","method":"POST","request":{},"error":{}},"label":"index.js","metadata":{}}
{"timestamp":"2023-02-02 13:56:33","level":"info","message":"Server is running on PORT: 8015","label":"index.js","metadata":{}}
{"timestamp":"2023-02-02 13:58:09","level":"info","message":"Server is running on PORT: 8015","label":"index.js","metadata":{}}
{"timestamp":"2023-02-02 13:58:11","level":"error","message":{"url":"/api/upload-master-leads","method":"POST","request":{},"error":{}},"label":"index.js","metadata":{}}
{"timestamp":"2023-02-02 13:58:49","level":"info","message":"Server is running on PORT: 8015","label":"index.js","metadata":{}}
{"timestamp":"2023-02-02 13:58:50","level":"error","message":{"url":"/api/upload-master-leads","method":"POST","request":{},"error":{}},"label":"index.js","metadata":{}}
{"timestamp":"2023-02-02 13:59:06","level":"info","message":"Server is running on PORT: 8015","label":"index.js","metadata":{}}
{"timestamp":"2023-02-02 13:59:10","level":"error","message":{"url":"/api/upload-master-leads","method":"POST","request":{},"error":{}},"label":"index.js","metadata":{}}
{"timestamp":"2023-02-02 13:59:43","level":"info","message":"Server is running on PORT: 8015","label":"index.js","metadata":{}}
{"timestamp":"2023-02-02 14:00:10","level":"info","message":"Server is running on PORT: 8015","label":"index.js","metadata":{}}
{"timestamp":"2023-02-02 14:00:30","level":"info","message":"Server is running on PORT: 8015","label":"index.js","metadata":{}}
{"timestamp":"2023-02-02 14:00:32","level":"error","message":{"url":"/api/upload-master-leads","method":"POST","request":{},"error":{}},"label":"index.js","metadata":{}}
{"timestamp":"2023-02-02 14:02:41","level":"info","message":"Server is running on PORT: 8015","label":"index.js","metadata":{}}
{"timestamp":"2023-02-02 14:02:43","level":"info","message":"Master Lead uploaded successfuly","label":"index.js","metadata":{"url":"/api/upload-master-leads","method":"POST","request":{},"response":true}}
{"timestamp":"2023-02-02 19:40:52","level":"info","message":"Server is running on PORT: 8023","label":"index.js","metadata":{}}
{"timestamp":"2023-02-02 19:43:19","level":"info","message":"Server is running on PORT: 8023","label":"index.js","metadata":{}}
{"timestamp":"2023-02-02 19:44:27","level":"info","message":"Server is running on PORT: 8023","label":"index.js","metadata":{}}
{"timestamp":"2023-02-02 19:46:05","level":"info","message":"Server is running on PORT: 8023","label":"index.js","metadata":{}}
{"timestamp":"2023-02-02 19:47:01","level":"info","message":"Server is running on PORT: 8023","label":"index.js","metadata":{}}
{"timestamp":"2023-02-02 19:53:26","level":"info","message":"File uploaded successfuly","label":"index.js","metadata":{"url":"/api/upload-file","method":"POST","request":{},"response":true}}
{"timestamp":"2023-02-02 19:55:49","level":"info","message":"Server is running on PORT: 8023","label":"index.js","metadata":{}}
{"timestamp":"2023-02-02 19:55:50","level":"info","message":"File uploaded successfuly","label":"index.js","metadata":{"url":"/api/upload-file","method":"POST","request":{},"response":[["Inspection","Required Tasks","Rules"],["PP gas","016G&060G","016G AND 060G"],["PP liquid","016L,060L","016L AND 060L"],["Leakage Survey","016G|060G&008","016G OR 060G AND 008"],["Current Protection Survey","001|003|004|008","001 OR 003 OR 004 OR 008"],["Device Readings","003&060G|008","003 AND 060G OR 008"],["Corrosion Survey","006","006"],["Safety Inspections","022A|(022B&022C)","022A OR (022B AND 022C)"]]}}
{"timestamp":"2023-02-02 19:56:21","level":"info","message":"Server is running on PORT: 8023","label":"index.js","metadata":{}}
{"timestamp":"2023-02-02 19:56:41","level":"info","message":"Server is running on PORT: 8023","label":"index.js","metadata":{}}
{"timestamp":"2023-02-02 19:56:43","level":"info","message":"File uploaded successfuly","label":"index.js","metadata":{"url":"/api/upload-file","method":"POST","request":{},"response":[["Inspection","Required Tasks","Rules"],["PP gas","016G&060G","016G AND 060G"],["PP liquid","016L,060L","016L AND 060L"],["Leakage Survey","016G|060G&008","016G OR 060G AND 008"],["Current Protection Survey","001|003|004|008","001 OR 003 OR 004 OR 008"],["Device Readings","003&060G|008","003 AND 060G OR 008"],["Corrosion Survey","006","006"],["Safety Inspections","022A|(022B&022C)","022A OR (022B AND 022C)"]]}}
{"timestamp":"2023-02-02 19:57:14","level":"info","message":"Server is running on PORT: 8023","label":"index.js","metadata":{}}
{"timestamp":"2023-02-02 19:57:17","level":"info","message":"File uploaded successfuly","label":"index.js","metadata":{"url":"/api/upload-file","method":"POST","request":{},"response":[["Inspection","Required Tasks","Rules"],["PP gas","016G&060G","016G AND 060G"],["PP liquid","016L,060L","016L AND 060L"],["Leakage Survey","016G|060G&008","016G OR 060G AND 008"],["Current Protection Survey","001|003|004|008","001 OR 003 OR 004 OR 008"],["Device Readings","003&060G|008","003 AND 060G OR 008"],["Corrosion Survey","006","006"],["Safety Inspections","022A|(022B&022C)","022A OR (022B AND 022C)"]]}}
{"timestamp":"2023-02-02 19:58:04","level":"info","message":"Server is running on PORT: 8023","label":"index.js","metadata":{}}
{"timestamp":"2023-02-02 19:58:06","level":"info","message":"File uploaded successfuly","label":"index.js","metadata":{"url":"/api/upload-file","method":"POST","request":{},"response":[["Inspection","Required Tasks","Rules"],["PP gas","016G&060G","016G AND 060G"],["PP liquid","016L,060L","016L AND 060L"],["Leakage Survey","016G|060G&008","016G OR 060G AND 008"],["Current Protection Survey","001|003|004|008","001 OR 003 OR 004 OR 008"],["Device Readings","003&060G|008","003 AND 060G OR 008"],["Corrosion Survey","006","006"],["Safety Inspections","022A|(022B&022C)","022A OR (022B AND 022C)"]]}}
{"timestamp":"2023-02-02 20:00:24","level":"info","message":"Server is running on PORT: 8023","label":"index.js","metadata":{}}
{"timestamp":"2023-02-02 20:00:35","level":"info","message":"Server is running on PORT: 8023","label":"index.js","metadata":{}}
{"timestamp":"2023-02-02 20:00:43","level":"info","message":"File uploaded successfuly","label":"index.js","metadata":{"url":"/api/upload-file","method":"POST","request":{},"response":[["Inspection","Required Tasks","Rules"],["PP gas","016G&060G","016G AND 060G"],["PP liquid","016L,060L","016L AND 060L"],["Leakage Survey","016G|060G&008","016G OR 060G AND 008"],["Current Protection Survey","001|003|004|008","001 OR 003 OR 004 OR 008"],["Device Readings","003&060G|008","003 AND 060G OR 008"],["Corrosion Survey","006","006"],["Safety Inspections","022A|(022B&022C)","022A OR (022B AND 022C)"]]}}
{"timestamp":"2023-02-02 20:00:50","level":"error","message":{"url":"/api/upload-file","method":"POST","request":{},"error":{"errors":[{"value":{},"msg":"Invalid file, only .xlsx file is allowed","param":"file","location":"form-data"}]}},"label":"index.js","metadata":{}}
{"timestamp":"2023-02-02 20:01:37","level":"info","message":"Server is running on PORT: 8023","label":"index.js","metadata":{}}
{"timestamp":"2023-02-02 20:01:40","level":"error","message":{"url":"/api/upload-file","method":"POST","request":{},"error":{}},"label":"index.js","metadata":{}}
{"timestamp":"2023-02-02 20:02:26","level":"info","message":"Server is running on PORT: 8023","label":"index.js","metadata":{}}
{"timestamp":"2023-02-02 20:02:30","level":"error","message":{"url":"/api/upload-file","method":"POST","request":{},"error":{"errors":[{"msg":"Required","param":"file","location":"body"}]}},"label":"index.js","metadata":{}}
{"timestamp":"2023-02-02 20:02:48","level":"info","message":"Server is running on PORT: 8023","label":"index.js","metadata":{}}
{"timestamp":"2023-02-02 20:03:37","level":"error","message":{"url":"/api/upload-file","method":"POST","request":{},"error":{"errors":[{"msg":"Required","param":"file","location":"body"}]}},"label":"index.js","metadata":{}}
{"timestamp":"2023-02-02 20:03:55","level":"error","message":{"url":"/api/upload-file","method":"POST","request":{},"error":{"errors":[{"msg":"Required","param":"file","location":"body"}]}},"label":"index.js","metadata":{}}
{"timestamp":"2023-02-02 20:04:06","level":"info","message":"Server is running on PORT: 8023","label":"index.js","metadata":{}}
{"timestamp":"2023-02-02 20:04:08","level":"info","message":"File uploaded successfuly","label":"index.js","metadata":{"url":"/api/upload-file","method":"POST","request":{},"response":[["Inspection","Required Tasks","Rules"],["PP gas","016G&060G","016G AND 060G"],["PP liquid","016L,060L","016L AND 060L"],["Leakage Survey","016G|060G&008","016G OR 060G AND 008"],["Current Protection Survey","001|003|004|008","001 OR 003 OR 004 OR 008"],["Device Readings","003&060G|008","003 AND 060G OR 008"],["Corrosion Survey","006","006"],["Safety Inspections","022A|(022B&022C)","022A OR (022B AND 022C)"]]}}
{"timestamp":"2023-02-02 20:04:44","level":"info","message":"Server is running on PORT: 8023","label":"index.js","metadata":{}}
{"timestamp":"2023-02-02 20:04:55","level":"info","message":"File uploaded successfuly","label":"index.js","metadata":{"url":"/api/upload-file","method":"POST","request":{},"response":[["Inspection","Required Tasks","Rules"],["PP gas","016G&060G","016G AND 060G"],["PP liquid","016L,060L","016L AND 060L"],["Leakage Survey","016G|060G&008","016G OR 060G AND 008"],["Current Protection Survey","001|003|004|008","001 OR 003 OR 004 OR 008"],["Device Readings","003&060G|008","003 AND 060G OR 008"],["Corrosion Survey","006","006"],["Safety Inspections","022A|(022B&022C)","022A OR (022B AND 022C)"]]}}
{"timestamp":"2023-02-02 20:06:56","level":"info","message":"Server is running on PORT: 8023","label":"index.js","metadata":{}}
{"timestamp":"2023-02-02 20:07:09","level":"info","message":"File uploaded successfuly","label":"index.js","metadata":{"url":"/api/upload-file","method":"POST","request":{},"response":[["Inspection","Required Tasks","Rules"],["PP gas","016G&060G","016G AND 060G"],["PP liquid","016L,060L","016L AND 060L"],["Leakage Survey","016G|060G&008","016G OR 060G AND 008"],["Current Protection Survey","001|003|004|008","001 OR 003 OR 004 OR 008"],["Device Readings","003&060G|008","003 AND 060G OR 008"],["Corrosion Survey","006","006"],["Safety Inspections","022A|(022B&022C)","022A OR (022B AND 022C)"]]}}
{"timestamp":"2023-02-02 20:07:22","level":"info","message":"Server is running on PORT: 8023","label":"index.js","metadata":{}}
{"timestamp":"2023-02-02 20:08:39","level":"info","message":"Server is running on PORT: 8023","label":"index.js","metadata":{}}
{"timestamp":"2023-02-02 20:08:48","level":"error","message":{"url":"/api/upload-file","method":"POST","request":{},"error":{"errno":-2,"syscall":"open","code":"ENOENT","path":"csv/file_1675348728351.xlsx"}},"label":"index.js","metadata":{}}
{"timestamp":"2023-02-02 20:09:12","level":"info","message":"Server is running on PORT: 8023","label":"index.js","metadata":{}}
{"timestamp":"2023-02-02 20:09:15","level":"info","message":"File uploaded successfuly","label":"index.js","metadata":{"url":"/api/upload-file","method":"POST","request":{},"response":[["Inspection","Required Tasks","Rules"],["PP gas","016G&060G","016G AND 060G"],["PP liquid","016L,060L","016L AND 060L"],["Leakage Survey","016G|060G&008","016G OR 060G AND 008"],["Current Protection Survey","001|003|004|008","001 OR 003 OR 004 OR 008"],["Device Readings","003&060G|008","003 AND 060G OR 008"],["Corrosion Survey","006","006"],["Safety Inspections","022A|(022B&022C)","022A OR (022B AND 022C)"]]}}
{"timestamp":"2023-02-02 20:09:21","level":"info","message":"File uploaded successfuly","label":"index.js","metadata":{"url":"/api/upload-file","method":"POST","request":{},"response":[["Inspection","Required Tasks","Rules"],["PP gas","016G&060G","016G AND 060G"],["PP liquid","016L,060L","016L AND 060L"],["Leakage Survey","016G|060G&008","016G OR 060G AND 008"],["Current Protection Survey","001|003|004|008","001 OR 003 OR 004 OR 008"],["Device Readings","003&060G|008","003 AND 060G OR 008"],["Corrosion Survey","006","006"],["Safety Inspections","022A|(022B&022C)","022A OR (022B AND 022C)"]]}}
{"timestamp":"2023-02-02 20:10:00","level":"info","message":"Server is running on PORT: 8023","label":"index.js","metadata":{}}
{"timestamp":"2023-02-02 20:10:16","level":"info","message":"File uploaded successfuly","label":"index.js","metadata":{"url":"/api/upload-file","method":"POST","request":{},"response":[["Inspection","Required Tasks","Rules"],["PP gas","016G&060G","016G AND 060G"],["PP liquid","016L,060L","016L AND 060L"],["Leakage Survey","016G|060G&008","016G OR 060G AND 008"],["Current Protection Survey","001|003|004|008","001 OR 003 OR 004 OR 008"],["Device Readings","003&060G|008","003 AND 060G OR 008"],["Corrosion Survey","006","006"],["Safety Inspections","022A|(022B&022C)","022A OR (022B AND 022C)"]]}}
{"timestamp":"2023-02-02 20:10:47","level":"info","message":"Server is running on PORT: 8023","label":"index.js","metadata":{}}
{"timestamp":"2023-02-02 20:10:50","level":"info","message":"File uploaded successfuly","label":"index.js","metadata":{"url":"/api/upload-file","method":"POST","request":{},"response":[["Inspection","Required Tasks","Rules"],["PP gas","016G&060G","016G AND 060G"],["PP liquid","016L,060L","016L AND 060L"],["Leakage Survey","016G|060G&008","016G OR 060G AND 008"],["Current Protection Survey","001|003|004|008","001 OR 003 OR 004 OR 008"],["Device Readings","003&060G|008","003 AND 060G OR 008"],["Corrosion Survey","006","006"],["Safety Inspections","022A|(022B&022C)","022A OR (022B AND 022C)"]]}}
{"timestamp":"2023-02-02 20:11:35","level":"info","message":"Server is running on PORT: 8023","label":"index.js","metadata":{}}
{"timestamp":"2023-02-02 20:11:58","level":"info","message":"Server is running on PORT: 8023","label":"index.js","metadata":{}}
{"timestamp":"2023-02-02 20:12:07","level":"info","message":"File uploaded successfuly","label":"index.js","metadata":{"url":"/api/upload-file","method":"POST","request":{},"response":[["Inspection","Required Tasks","Rules"],["PP gas","016G&060G","016G AND 060G"],["PP liquid","016L,060L","016L AND 060L"],["Leakage Survey","016G|060G&008","016G OR 060G AND 008"],["Current Protection Survey","001|003|004|008","001 OR 003 OR 004 OR 008"],["Device Readings","003&060G|008","003 AND 060G OR 008"],["Corrosion Survey","006","006"],["Safety Inspections","022A|(022B&022C)","022A OR (022B AND 022C)"]]}}
{"timestamp":"2023-02-02 20:12:58","level":"info","message":"Server is running on PORT: 8023","label":"index.js","metadata":{}}
{"timestamp":"2023-02-02 20:13:02","level":"info","message":"File uploaded successfuly","label":"index.js","metadata":{"url":"/api/upload-file","method":"POST","request":{},"response":[["Inspection","Required Tasks","Rules"],["PP gas","016G&060G","016G AND 060G"],["PP liquid","016L,060L","016L AND 060L"],["Leakage Survey","016G|060G&008","016G OR 060G AND 008"],["Current Protection Survey","001|003|004|008","001 OR 003 OR 004 OR 008"],["Device Readings","003&060G|008","003 AND 060G OR 008"],["Corrosion Survey","006","006"],["Safety Inspections","022A|(022B&022C)","022A OR (022B AND 022C)"]]}}
{"timestamp":"2023-02-02 20:14:12","level":"info","message":"Server is running on PORT: 8023","label":"index.js","metadata":{}}
{"timestamp":"2023-02-02 20:14:27","level":"info","message":"Server is running on PORT: 8023","label":"index.js","metadata":{}}
{"timestamp":"2023-02-02 20:14:31","level":"error","message":{"url":"/api/upload-file","method":"POST","request":{},"error":{}},"label":"index.js","metadata":{}}
{"timestamp":"2023-02-02 20:16:01","level":"info","message":"Server is running on PORT: 8023","label":"index.js","metadata":{}}
{"timestamp":"2023-02-02 20:16:05","level":"error","message":{"url":"/api/upload-file","method":"POST","request":{},"error":{"errors":[{"value":{},"msg":"File required","param":"file","location":"form-data"}]}},"label":"index.js","metadata":{}}
{"timestamp":"2023-02-02 20:16:14","level":"info","message":"Server is running on PORT: 8023","label":"index.js","metadata":{}}
{"timestamp":"2023-02-02 20:16:16","level":"error","message":{"url":"/api/upload-file","method":"POST","request":{},"error":{"errors":[{"value":{},"msg":"File Required","param":"file","location":"form-data"}]}},"label":"index.js","metadata":{}}
{"timestamp":"2023-02-02 20:16:24","level":"info","message":"File uploaded successfuly","label":"index.js","metadata":{"url":"/api/upload-file","method":"POST","request":{},"response":[["Inspection","Required Tasks","Rules"],["PP gas","016G&060G","016G AND 060G"],["PP liquid","016L,060L","016L AND 060L"],["Leakage Survey","016G|060G&008","016G OR 060G AND 008"],["Current Protection Survey","001|003|004|008","001 OR 003 OR 004 OR 008"],["Device Readings","003&060G|008","003 AND 060G OR 008"],["Corrosion Survey","006","006"],["Safety Inspections","022A|(022B&022C)","022A OR (022B AND 022C)"]]}}
{"timestamp":"2023-02-02 20:16:52","level":"info","message":"Server is running on PORT: 8023","label":"index.js","metadata":{}}
{"timestamp":"2023-02-02 20:17:17","level":"info","message":"Server is running on PORT: 8023","label":"index.js","metadata":{}}
